<?xml version="1.0" encoding="UTF-8"?>
<!-- Generated by org.testng.reporters.JUnitXMLReporter -->
<testsuite hostname="DESKTOP-BGV4ULO" name="ebanking" tests="1" failures="1" timestamp="8 Sep 2021 14:56:06 GMT" time="15.656" errors="0">
  <testcase name="logintest" time="2.154" classname="com.inetbanking.testcases.TC_LoginTest_001">
    <failure type="java.lang.Error" message="Unresolved compilation problem: 
	btnLogin cannot be resolved
">
      <![CDATA[java.lang.Error: Unresolved compilation problem: 
	btnLogin cannot be resolved

	at com.inetbanking.PageObject.LoginPage.submitbutton(LoginPage.java:40)
	at com.inetbanking.testcases.TC_LoginTest_001.logintest(TC_LoginTest_001.java:24)
... Removed 25 stack frames]]>
    </failure>
  </testcase> <!-- logintest -->
</testsuite> <!-- ebanking -->
